{"C:\\Users\\SEBASTIAN GONZALEZ\\Desktop\\projects\\react-vitest\\src\\components\\Accordion.tsx": {"path":"C:\\Users\\SEBASTIAN GONZALEZ\\Desktop\\projects\\react-vitest\\src\\components\\Accordion.tsx","all":false,"statementMap":{"0":{"start":{"line":1,"column":0},"end":{"line":1,"column":33}},"1":{"start":{"line":2,"column":0},"end":{"line":2,"column":0}},"2":{"start":{"line":3,"column":0},"end":{"line":3,"column":17}},"3":{"start":{"line":4,"column":0},"end":{"line":4,"column":16}},"4":{"start":{"line":5,"column":0},"end":{"line":5,"column":28}},"5":{"start":{"line":6,"column":0},"end":{"line":6,"column":1}},"6":{"start":{"line":7,"column":0},"end":{"line":7,"column":61}},"7":{"start":{"line":8,"column":0},"end":{"line":8,"column":42}},"8":{"start":{"line":9,"column":0},"end":{"line":9,"column":10}},"9":{"start":{"line":10,"column":0},"end":{"line":10,"column":9}},"10":{"start":{"line":11,"column":0},"end":{"line":11,"column":22}},"11":{"start":{"line":12,"column":0},"end":{"line":12,"column":37}},"12":{"start":{"line":13,"column":0},"end":{"line":13,"column":55}},"13":{"start":{"line":14,"column":0},"end":{"line":14,"column":33}},"14":{"start":{"line":15,"column":0},"end":{"line":15,"column":15}},"15":{"start":{"line":16,"column":0},"end":{"line":16,"column":10}},"16":{"start":{"line":17,"column":0},"end":{"line":17,"column":4}},"17":{"start":{"line":18,"column":0},"end":{"line":18,"column":2}},"18":{"start":{"line":19,"column":0},"end":{"line":19,"column":25}}},"s":{"0":1,"1":1,"2":1,"3":1,"4":1,"5":1,"6":1,"7":7,"8":7,"9":7,"10":7,"11":7,"12":7,"13":7,"14":7,"15":7,"16":7,"17":7,"18":1},"branchMap":{"0":{"type":"branch","line":7,"loc":{"start":{"line":7,"column":35},"end":{"line":18,"column":2}},"locations":[{"start":{"line":7,"column":35},"end":{"line":18,"column":2}}]},"1":{"type":"branch","line":12,"loc":{"start":{"line":12,"column":7},"end":{"line":12,"column":37}},"locations":[{"start":{"line":12,"column":7},"end":{"line":12,"column":37}}]},"2":{"type":"branch","line":14,"loc":{"start":{"line":14,"column":9},"end":{"line":14,"column":26}},"locations":[{"start":{"line":14,"column":9},"end":{"line":14,"column":26}}]},"3":{"type":"branch","line":14,"loc":{"start":{"line":14,"column":16},"end":{"line":14,"column":33}},"locations":[{"start":{"line":14,"column":16},"end":{"line":14,"column":33}}]},"4":{"type":"branch","line":13,"loc":{"start":{"line":13,"column":23},"end":{"line":13,"column":55}},"locations":[{"start":{"line":13,"column":23},"end":{"line":13,"column":55}}]},"5":{"type":"branch","line":13,"loc":{"start":{"line":13,"column":37},"end":{"line":13,"column":52}},"locations":[{"start":{"line":13,"column":37},"end":{"line":13,"column":52}}]}},"b":{"0":[7],"1":[2],"2":[2],"3":[5],"4":[3],"5":[3]},"fnMap":{"0":{"name":"Accordion","decl":{"start":{"line":7,"column":35},"end":{"line":18,"column":2}},"loc":{"start":{"line":7,"column":35},"end":{"line":18,"column":2}},"line":7},"1":{"name":"onClick","decl":{"start":{"line":13,"column":23},"end":{"line":13,"column":55}},"loc":{"start":{"line":13,"column":23},"end":{"line":13,"column":55}},"line":13}},"f":{"0":7,"1":3}}
,"C:\\Users\\SEBASTIAN GONZALEZ\\Desktop\\projects\\react-vitest\\src\\components\\Calculator.tsx": {"path":"C:\\Users\\SEBASTIAN GONZALEZ\\Desktop\\projects\\react-vitest\\src\\components\\Calculator.tsx","all":false,"statementMap":{"0":{"start":{"line":1,"column":0},"end":{"line":1,"column":34}},"1":{"start":{"line":2,"column":0},"end":{"line":2,"column":33}},"2":{"start":{"line":3,"column":0},"end":{"line":3,"column":0}},"3":{"start":{"line":4,"column":0},"end":{"line":4,"column":52}},"4":{"start":{"line":5,"column":0},"end":{"line":5,"column":47}},"5":{"start":{"line":6,"column":0},"end":{"line":6,"column":0}},"6":{"start":{"line":7,"column":0},"end":{"line":7,"column":26}},"7":{"start":{"line":8,"column":0},"end":{"line":8,"column":51}},"8":{"start":{"line":9,"column":0},"end":{"line":9,"column":53}},"9":{"start":{"line":10,"column":0},"end":{"line":10,"column":48}},"10":{"start":{"line":11,"column":0},"end":{"line":11,"column":25}},"11":{"start":{"line":12,"column":0},"end":{"line":12,"column":47}},"12":{"start":{"line":13,"column":0},"end":{"line":13,"column":59}},"13":{"start":{"line":14,"column":0},"end":{"line":14,"column":4}},"14":{"start":{"line":15,"column":0},"end":{"line":15,"column":10}},"15":{"start":{"line":16,"column":0},"end":{"line":16,"column":9}},"16":{"start":{"line":17,"column":0},"end":{"line":17,"column":16}},"17":{"start":{"line":18,"column":0},"end":{"line":18,"column":43}},"18":{"start":{"line":19,"column":0},"end":{"line":19,"column":37}},"19":{"start":{"line":20,"column":0},"end":{"line":20,"column":16}},"20":{"start":{"line":21,"column":0},"end":{"line":21,"column":38}},"21":{"start":{"line":22,"column":0},"end":{"line":22,"column":35}},"22":{"start":{"line":23,"column":0},"end":{"line":23,"column":22}},"23":{"start":{"line":24,"column":0},"end":{"line":24,"column":78}},"24":{"start":{"line":25,"column":0},"end":{"line":25,"column":23}},"25":{"start":{"line":26,"column":0},"end":{"line":26,"column":25}},"26":{"start":{"line":27,"column":0},"end":{"line":27,"column":16}},"27":{"start":{"line":28,"column":0},"end":{"line":28,"column":15}},"28":{"start":{"line":29,"column":0},"end":{"line":29,"column":16}},"29":{"start":{"line":30,"column":0},"end":{"line":30,"column":10}},"30":{"start":{"line":31,"column":0},"end":{"line":31,"column":9}},"31":{"start":{"line":32,"column":0},"end":{"line":32,"column":38}},"32":{"start":{"line":33,"column":0},"end":{"line":33,"column":71}},"33":{"start":{"line":34,"column":0},"end":{"line":34,"column":21}},"34":{"start":{"line":35,"column":0},"end":{"line":35,"column":17}},"35":{"start":{"line":36,"column":0},"end":{"line":36,"column":9}},"36":{"start":{"line":37,"column":0},"end":{"line":37,"column":13}},"37":{"start":{"line":38,"column":0},"end":{"line":38,"column":24}},"38":{"start":{"line":39,"column":0},"end":{"line":39,"column":31}},"39":{"start":{"line":40,"column":0},"end":{"line":40,"column":32}},"40":{"start":{"line":41,"column":0},"end":{"line":41,"column":48}},"41":{"start":{"line":42,"column":0},"end":{"line":42,"column":37}},"42":{"start":{"line":43,"column":0},"end":{"line":43,"column":13}},"43":{"start":{"line":44,"column":0},"end":{"line":44,"column":10}},"44":{"start":{"line":45,"column":0},"end":{"line":45,"column":7}},"45":{"start":{"line":46,"column":0},"end":{"line":46,"column":9}},"46":{"start":{"line":47,"column":0},"end":{"line":47,"column":15}},"47":{"start":{"line":48,"column":0},"end":{"line":48,"column":10}},"48":{"start":{"line":49,"column":0},"end":{"line":49,"column":4}},"49":{"start":{"line":50,"column":0},"end":{"line":50,"column":2}},"50":{"start":{"line":51,"column":0},"end":{"line":51,"column":26}}},"s":{"0":1,"1":1,"2":1,"3":1,"4":1,"5":1,"6":1,"7":30,"8":30,"9":30,"10":16,"11":16,"12":11,"13":16,"14":30,"15":30,"16":30,"17":30,"18":30,"19":120,"20":120,"21":120,"22":300,"23":300,"24":300,"25":300,"26":300,"27":120,"28":120,"29":120,"30":30,"31":30,"32":120,"33":120,"34":120,"35":30,"36":30,"37":30,"38":2,"39":2,"40":2,"41":2,"42":2,"43":2,"44":30,"45":30,"46":30,"47":30,"48":30,"49":30,"50":1},"branchMap":{"0":{"type":"branch","line":5,"loc":{"start":{"line":5,"column":45},"end":{"line":5,"column":47}},"locations":[{"start":{"line":5,"column":45},"end":{"line":5,"column":47}}]},"1":{"type":"branch","line":7,"loc":{"start":{"line":7,"column":19},"end":{"line":50,"column":2}},"locations":[{"start":{"line":7,"column":19},"end":{"line":50,"column":2}}]},"2":{"type":"branch","line":10,"loc":{"start":{"line":10,"column":22},"end":{"line":14,"column":4}},"locations":[{"start":{"line":10,"column":22},"end":{"line":14,"column":4}}]},"3":{"type":"branch","line":12,"loc":{"start":{"line":12,"column":20},"end":{"line":12,"column":47}},"locations":[{"start":{"line":12,"column":20},"end":{"line":12,"column":47}}]},"4":{"type":"branch","line":12,"loc":{"start":{"line":12,"column":45},"end":{"line":13,"column":59}},"locations":[{"start":{"line":12,"column":45},"end":{"line":13,"column":59}}]},"5":{"type":"branch","line":13,"loc":{"start":{"line":13,"column":23},"end":{"line":13,"column":57}},"locations":[{"start":{"line":13,"column":23},"end":{"line":13,"column":57}}]},"6":{"type":"branch","line":19,"loc":{"start":{"line":19,"column":16},"end":{"line":31,"column":7}},"locations":[{"start":{"line":19,"column":16},"end":{"line":31,"column":7}}]},"7":{"type":"branch","line":22,"loc":{"start":{"line":22,"column":25},"end":{"line":28,"column":13}},"locations":[{"start":{"line":22,"column":25},"end":{"line":28,"column":13}}]},"8":{"type":"branch","line":24,"loc":{"start":{"line":24,"column":43},"end":{"line":24,"column":78}},"locations":[{"start":{"line":24,"column":43},"end":{"line":24,"column":78}}]},"9":{"type":"branch","line":32,"loc":{"start":{"line":32,"column":22},"end":{"line":35,"column":17}},"locations":[{"start":{"line":32,"column":22},"end":{"line":35,"column":17}}]},"10":{"type":"branch","line":33,"loc":{"start":{"line":33,"column":41},"end":{"line":33,"column":71}},"locations":[{"start":{"line":33,"column":41},"end":{"line":33,"column":71}}]},"11":{"type":"branch","line":38,"loc":{"start":{"line":38,"column":17},"end":{"line":44,"column":10}},"locations":[{"start":{"line":38,"column":17},"end":{"line":44,"column":10}}]},"12":{"type":"branch","line":39,"loc":{"start":{"line":39,"column":24},"end":{"line":43,"column":11}},"locations":[{"start":{"line":39,"column":24},"end":{"line":43,"column":11}}]}},"b":{"0":[1],"1":[30],"2":[16],"3":[5],"4":[11],"5":[11],"6":[120],"7":[300],"8":[13],"9":[120],"10":[3],"11":[2],"12":[2]},"fnMap":{"0":{"name":"get","decl":{"start":{"line":5,"column":45},"end":{"line":5,"column":47}},"loc":{"start":{"line":5,"column":45},"end":{"line":5,"column":47}},"line":5},"1":{"name":"Calculator","decl":{"start":{"line":7,"column":19},"end":{"line":50,"column":2}},"loc":{"start":{"line":7,"column":19},"end":{"line":50,"column":2}},"line":7},"2":{"name":"handleClick","decl":{"start":{"line":10,"column":22},"end":{"line":14,"column":4}},"loc":{"start":{"line":10,"column":22},"end":{"line":14,"column":4}},"line":10},"3":{"name":"onClick","decl":{"start":{"line":24,"column":43},"end":{"line":24,"column":78}},"loc":{"start":{"line":24,"column":43},"end":{"line":24,"column":78}},"line":24},"4":{"name":"onClick","decl":{"start":{"line":33,"column":41},"end":{"line":33,"column":71}},"loc":{"start":{"line":33,"column":41},"end":{"line":33,"column":71}},"line":33},"5":{"name":"onClick","decl":{"start":{"line":38,"column":17},"end":{"line":44,"column":10}},"loc":{"start":{"line":38,"column":17},"end":{"line":44,"column":10}},"line":38}},"f":{"0":1,"1":30,"2":16,"3":13,"4":3,"5":2}}
,"C:\\Users\\SEBASTIAN GONZALEZ\\Desktop\\projects\\react-vitest\\src\\components\\Form.tsx": {"path":"C:\\Users\\SEBASTIAN GONZALEZ\\Desktop\\projects\\react-vitest\\src\\components\\Form.tsx","all":false,"statementMap":{"0":{"start":{"line":1,"column":0},"end":{"line":1,"column":33}},"1":{"start":{"line":2,"column":0},"end":{"line":2,"column":0}},"2":{"start":{"line":3,"column":0},"end":{"line":3,"column":17}},"3":{"start":{"line":4,"column":0},"end":{"line":4,"column":22}},"4":{"start":{"line":5,"column":0},"end":{"line":5,"column":1}},"5":{"start":{"line":6,"column":0},"end":{"line":6,"column":0}},"6":{"start":{"line":7,"column":0},"end":{"line":7,"column":47}},"7":{"start":{"line":8,"column":0},"end":{"line":8,"column":79}},"8":{"start":{"line":9,"column":0},"end":{"line":9,"column":0}},"9":{"start":{"line":10,"column":0},"end":{"line":10,"column":65}},"10":{"start":{"line":11,"column":0},"end":{"line":11,"column":23}},"11":{"start":{"line":12,"column":0},"end":{"line":12,"column":35}},"12":{"start":{"line":13,"column":0},"end":{"line":13,"column":4}},"13":{"start":{"line":14,"column":0},"end":{"line":14,"column":0}},"14":{"start":{"line":15,"column":0},"end":{"line":15,"column":68}},"15":{"start":{"line":16,"column":0},"end":{"line":16,"column":48}},"16":{"start":{"line":17,"column":0},"end":{"line":17,"column":64}},"17":{"start":{"line":18,"column":0},"end":{"line":18,"column":4}},"18":{"start":{"line":19,"column":0},"end":{"line":19,"column":0}},"19":{"start":{"line":20,"column":0},"end":{"line":20,"column":10}},"20":{"start":{"line":21,"column":0},"end":{"line":21,"column":34}},"21":{"start":{"line":22,"column":0},"end":{"line":22,"column":49}},"22":{"start":{"line":23,"column":0},"end":{"line":23,"column":12}},"23":{"start":{"line":24,"column":0},"end":{"line":24,"column":19}},"24":{"start":{"line":25,"column":0},"end":{"line":25,"column":21}},"25":{"start":{"line":26,"column":0},"end":{"line":26,"column":35}},"26":{"start":{"line":27,"column":0},"end":{"line":27,"column":31}},"27":{"start":{"line":28,"column":0},"end":{"line":28,"column":8}},"28":{"start":{"line":29,"column":0},"end":{"line":29,"column":49}},"29":{"start":{"line":30,"column":0},"end":{"line":30,"column":12}},"30":{"start":{"line":31,"column":0},"end":{"line":31,"column":23}},"31":{"start":{"line":32,"column":0},"end":{"line":32,"column":21}},"32":{"start":{"line":33,"column":0},"end":{"line":33,"column":35}},"33":{"start":{"line":34,"column":0},"end":{"line":34,"column":31}},"34":{"start":{"line":35,"column":0},"end":{"line":35,"column":8}},"35":{"start":{"line":36,"column":0},"end":{"line":36,"column":28}},"36":{"start":{"line":37,"column":0},"end":{"line":37,"column":11}},"37":{"start":{"line":38,"column":0},"end":{"line":38,"column":4}},"38":{"start":{"line":39,"column":0},"end":{"line":39,"column":2}},"39":{"start":{"line":40,"column":0},"end":{"line":40,"column":20}}},"s":{"0":1,"1":1,"2":1,"3":1,"4":1,"5":1,"6":1,"7":7,"8":7,"9":7,"10":1,"11":1,"12":1,"13":7,"14":7,"15":2,"16":2,"17":2,"18":7,"19":7,"20":7,"21":7,"22":7,"23":7,"24":7,"25":7,"26":7,"27":7,"28":7,"29":7,"30":7,"31":7,"32":7,"33":7,"34":7,"35":7,"36":7,"37":7,"38":7,"39":1},"branchMap":{"0":{"type":"branch","line":7,"loc":{"start":{"line":7,"column":30},"end":{"line":39,"column":2}},"locations":[{"start":{"line":7,"column":30},"end":{"line":39,"column":2}}]},"1":{"type":"branch","line":10,"loc":{"start":{"line":10,"column":23},"end":{"line":13,"column":4}},"locations":[{"start":{"line":10,"column":23},"end":{"line":13,"column":4}}]},"2":{"type":"branch","line":15,"loc":{"start":{"line":15,"column":23},"end":{"line":18,"column":4}},"locations":[{"start":{"line":15,"column":23},"end":{"line":18,"column":4}}]}},"b":{"0":[7],"1":[1],"2":[2]},"fnMap":{"0":{"name":"Form","decl":{"start":{"line":7,"column":30},"end":{"line":39,"column":2}},"loc":{"start":{"line":7,"column":30},"end":{"line":39,"column":2}},"line":7},"1":{"name":"handleSubmit","decl":{"start":{"line":10,"column":23},"end":{"line":13,"column":4}},"loc":{"start":{"line":10,"column":23},"end":{"line":13,"column":4}},"line":10},"2":{"name":"handleChange","decl":{"start":{"line":15,"column":23},"end":{"line":18,"column":4}},"loc":{"start":{"line":15,"column":23},"end":{"line":18,"column":4}},"line":15}},"f":{"0":7,"1":1,"2":2}}
,"C:\\Users\\SEBASTIAN GONZALEZ\\Desktop\\projects\\react-vitest\\src\\utilities\\countSheep.ts": {"path":"C:\\Users\\SEBASTIAN GONZALEZ\\Desktop\\projects\\react-vitest\\src\\utilities\\countSheep.ts","all":false,"statementMap":{"0":{"start":{"line":1,"column":0},"end":{"line":1,"column":267}},"1":{"start":{"line":2,"column":0},"end":{"line":2,"column":0}},"2":{"start":{"line":3,"column":0},"end":{"line":3,"column":17}},"3":{"start":{"line":4,"column":0},"end":{"line":4,"column":15}},"4":{"start":{"line":5,"column":0},"end":{"line":5,"column":16}},"5":{"start":{"line":6,"column":0},"end":{"line":6,"column":1}},"6":{"start":{"line":7,"column":0},"end":{"line":7,"column":46}},"7":{"start":{"line":8,"column":0},"end":{"line":8,"column":76}},"8":{"start":{"line":9,"column":0},"end":{"line":9,"column":67}},"9":{"start":{"line":10,"column":0},"end":{"line":10,"column":35}},"10":{"start":{"line":11,"column":0},"end":{"line":11,"column":33}},"11":{"start":{"line":12,"column":0},"end":{"line":12,"column":41}},"12":{"start":{"line":13,"column":0},"end":{"line":13,"column":51}},"13":{"start":{"line":14,"column":0},"end":{"line":14,"column":80}},"14":{"start":{"line":15,"column":0},"end":{"line":15,"column":29}},"15":{"start":{"line":16,"column":0},"end":{"line":16,"column":5}},"16":{"start":{"line":17,"column":0},"end":{"line":17,"column":2}}},"s":{"0":1,"1":1,"2":1,"3":1,"4":1,"5":1,"6":1,"7":4,"8":4,"9":4,"10":2,"11":8,"12":8,"13":8,"14":8,"15":2,"16":5},"branchMap":{"0":{"type":"branch","line":7,"loc":{"start":{"line":7,"column":45},"end":{"line":17,"column":2}},"locations":[{"start":{"line":7,"column":45},"end":{"line":17,"column":2}}]},"1":{"type":"branch","line":8,"loc":{"start":{"line":8,"column":35},"end":{"line":8,"column":76}},"locations":[{"start":{"line":8,"column":35},"end":{"line":8,"column":76}}]},"2":{"type":"branch","line":8,"loc":{"start":{"line":8,"column":74},"end":{"line":9,"column":34}},"locations":[{"start":{"line":8,"column":74},"end":{"line":9,"column":34}}]},"3":{"type":"branch","line":9,"loc":{"start":{"line":9,"column":28},"end":{"line":9,"column":67}},"locations":[{"start":{"line":9,"column":28},"end":{"line":9,"column":67}}]},"4":{"type":"branch","line":9,"loc":{"start":{"line":9,"column":65},"end":{"line":10,"column":32}},"locations":[{"start":{"line":9,"column":65},"end":{"line":10,"column":32}}]},"5":{"type":"branch","line":10,"loc":{"start":{"line":10,"column":25},"end":{"line":10,"column":35}},"locations":[{"start":{"line":10,"column":25},"end":{"line":10,"column":35}}]},"6":{"type":"branch","line":10,"loc":{"start":{"line":10,"column":33},"end":{"line":17,"column":2}},"locations":[{"start":{"line":10,"column":33},"end":{"line":17,"column":2}}]},"7":{"type":"branch","line":11,"loc":{"start":{"line":11,"column":21},"end":{"line":16,"column":3}},"locations":[{"start":{"line":11,"column":21},"end":{"line":16,"column":3}}]},"8":{"type":"branch","line":14,"loc":{"start":{"line":14,"column":47},"end":{"line":14,"column":80}},"locations":[{"start":{"line":14,"column":47},"end":{"line":14,"column":80}}]},"9":{"type":"branch","line":15,"loc":{"start":{"line":15,"column":11},"end":{"line":15,"column":29}},"locations":[{"start":{"line":15,"column":11},"end":{"line":15,"column":29}}]},"10":{"type":"branch","line":17,"loc":{"start":{"line":17,"column":0},"end":{"line":17,"column":2}},"locations":[{"start":{"line":17,"column":0},"end":{"line":17,"column":2}}]}},"b":{"0":[4],"1":[1],"2":[3],"3":[0],"4":[3],"5":[1],"6":[2],"7":[8],"8":[5],"9":[4],"10":[5]},"fnMap":{"0":{"name":"countSheep","decl":{"start":{"line":7,"column":45},"end":{"line":17,"column":2}},"loc":{"start":{"line":7,"column":45},"end":{"line":17,"column":2}},"line":7},"1":{"name":"get","decl":{"start":{"line":17,"column":0},"end":{"line":17,"column":2}},"loc":{"start":{"line":17,"column":0},"end":{"line":17,"column":2}},"line":17}},"f":{"0":4,"1":5}}
,"C:\\Users\\SEBASTIAN GONZALEZ\\Desktop\\projects\\react-vitest\\src\\utilities\\createXmasTree.ts": {"path":"C:\\Users\\SEBASTIAN GONZALEZ\\Desktop\\projects\\react-vitest\\src\\utilities\\createXmasTree.ts","all":false,"statementMap":{"0":{"start":{"line":1,"column":0},"end":{"line":1,"column":51}},"1":{"start":{"line":2,"column":0},"end":{"line":2,"column":79}},"2":{"start":{"line":3,"column":0},"end":{"line":3,"column":33}},"3":{"start":{"line":4,"column":0},"end":{"line":4,"column":56}},"4":{"start":{"line":5,"column":0},"end":{"line":5,"column":16}},"5":{"start":{"line":6,"column":0},"end":{"line":6,"column":36}},"6":{"start":{"line":7,"column":0},"end":{"line":7,"column":54}},"7":{"start":{"line":8,"column":0},"end":{"line":8,"column":43}},"8":{"start":{"line":9,"column":0},"end":{"line":9,"column":68}},"9":{"start":{"line":10,"column":0},"end":{"line":10,"column":3}},"10":{"start":{"line":11,"column":0},"end":{"line":11,"column":31}},"11":{"start":{"line":12,"column":0},"end":{"line":12,"column":50}},"12":{"start":{"line":13,"column":0},"end":{"line":13,"column":61}},"13":{"start":{"line":14,"column":0},"end":{"line":14,"column":3}},"14":{"start":{"line":15,"column":0},"end":{"line":15,"column":52}},"15":{"start":{"line":16,"column":0},"end":{"line":16,"column":14}},"16":{"start":{"line":17,"column":0},"end":{"line":17,"column":2}}},"s":{"0":1,"1":9,"2":9,"3":9,"4":5,"5":9,"6":8,"7":8,"8":8,"9":8,"10":9,"11":10,"12":10,"13":10,"14":5,"15":5,"16":10},"branchMap":{"0":{"type":"branch","line":1,"loc":{"start":{"line":1,"column":50},"end":{"line":17,"column":2}},"locations":[{"start":{"line":1,"column":50},"end":{"line":17,"column":2}}]},"1":{"type":"branch","line":2,"loc":{"start":{"line":2,"column":34},"end":{"line":2,"column":79}},"locations":[{"start":{"line":2,"column":34},"end":{"line":2,"column":79}}]},"2":{"type":"branch","line":2,"loc":{"start":{"line":2,"column":77},"end":{"line":3,"column":20}},"locations":[{"start":{"line":2,"column":77},"end":{"line":3,"column":20}}]},"3":{"type":"branch","line":3,"loc":{"start":{"line":3,"column":15},"end":{"line":3,"column":33}},"locations":[{"start":{"line":3,"column":15},"end":{"line":3,"column":33}}]},"4":{"type":"branch","line":4,"loc":{"start":{"line":4,"column":4},"end":{"line":4,"column":56}},"locations":[{"start":{"line":4,"column":4},"end":{"line":4,"column":56}}]},"5":{"type":"branch","line":4,"loc":{"start":{"line":4,"column":54},"end":{"line":6,"column":35}},"locations":[{"start":{"line":4,"column":54},"end":{"line":6,"column":35}}]},"6":{"type":"branch","line":6,"loc":{"start":{"line":6,"column":35},"end":{"line":10,"column":3}},"locations":[{"start":{"line":6,"column":35},"end":{"line":10,"column":3}}]},"7":{"type":"branch","line":10,"loc":{"start":{"line":10,"column":2},"end":{"line":11,"column":30}},"locations":[{"start":{"line":10,"column":2},"end":{"line":11,"column":30}}]},"8":{"type":"branch","line":11,"loc":{"start":{"line":11,"column":30},"end":{"line":14,"column":3}},"locations":[{"start":{"line":11,"column":30},"end":{"line":14,"column":3}}]},"9":{"type":"branch","line":14,"loc":{"start":{"line":14,"column":2},"end":{"line":17,"column":2}},"locations":[{"start":{"line":14,"column":2},"end":{"line":17,"column":2}}]},"10":{"type":"branch","line":17,"loc":{"start":{"line":17,"column":0},"end":{"line":17,"column":2}},"locations":[{"start":{"line":17,"column":0},"end":{"line":17,"column":2}}]}},"b":{"0":[9],"1":[2],"2":[7],"3":[6],"4":[2],"5":[5],"6":[8],"7":[5],"8":[10],"9":[5],"10":[10]},"fnMap":{"0":{"name":"createXmasTree","decl":{"start":{"line":1,"column":50},"end":{"line":17,"column":2}},"loc":{"start":{"line":1,"column":50},"end":{"line":17,"column":2}},"line":1},"1":{"name":"get","decl":{"start":{"line":17,"column":0},"end":{"line":17,"column":2}},"loc":{"start":{"line":17,"column":0},"end":{"line":17,"column":2}},"line":17}},"f":{"0":9,"1":10}}
,"C:\\Users\\SEBASTIAN GONZALEZ\\Desktop\\projects\\react-vitest\\src\\utilities\\fizzBuzz.ts": {"path":"C:\\Users\\SEBASTIAN GONZALEZ\\Desktop\\projects\\react-vitest\\src\\utilities\\fizzBuzz.ts","all":false,"statementMap":{"0":{"start":{"line":1,"column":0},"end":{"line":1,"column":43}},"1":{"start":{"line":2,"column":0},"end":{"line":2,"column":50}},"2":{"start":{"line":3,"column":0},"end":{"line":3,"column":50}},"3":{"start":{"line":4,"column":0},"end":{"line":4,"column":60}},"4":{"start":{"line":5,"column":0},"end":{"line":5,"column":63}},"5":{"start":{"line":6,"column":0},"end":{"line":6,"column":0}},"6":{"start":{"line":7,"column":0},"end":{"line":7,"column":2}},"7":{"start":{"line":8,"column":0},"end":{"line":8,"column":42}},"8":{"start":{"line":9,"column":0},"end":{"line":9,"column":70}},"9":{"start":{"line":10,"column":0},"end":{"line":10,"column":64}},"10":{"start":{"line":11,"column":0},"end":{"line":11,"column":18}},"11":{"start":{"line":12,"column":0},"end":{"line":12,"column":70}},"12":{"start":{"line":13,"column":0},"end":{"line":13,"column":41}},"13":{"start":{"line":14,"column":0},"end":{"line":14,"column":5}},"14":{"start":{"line":15,"column":0},"end":{"line":15,"column":38}},"15":{"start":{"line":16,"column":0},"end":{"line":16,"column":2}}},"s":{"0":1,"1":1,"2":1,"3":1,"4":1,"5":1,"6":1,"7":1,"8":19,"9":19,"10":16,"11":16,"12":32,"13":16,"14":19,"15":19},"branchMap":{"0":{"type":"branch","line":8,"loc":{"start":{"line":8,"column":41},"end":{"line":16,"column":2}},"locations":[{"start":{"line":8,"column":41},"end":{"line":16,"column":2}}]},"1":{"type":"branch","line":9,"loc":{"start":{"line":9,"column":31},"end":{"line":9,"column":70}},"locations":[{"start":{"line":9,"column":31},"end":{"line":9,"column":70}}]},"2":{"type":"branch","line":9,"loc":{"start":{"line":9,"column":68},"end":{"line":10,"column":31}},"locations":[{"start":{"line":9,"column":68},"end":{"line":10,"column":31}}]},"3":{"type":"branch","line":10,"loc":{"start":{"line":10,"column":25},"end":{"line":10,"column":64}},"locations":[{"start":{"line":10,"column":25},"end":{"line":10,"column":64}}]},"4":{"type":"branch","line":10,"loc":{"start":{"line":10,"column":62},"end":{"line":15,"column":25}},"locations":[{"start":{"line":10,"column":62},"end":{"line":15,"column":25}}]},"5":{"type":"branch","line":15,"loc":{"start":{"line":15,"column":20},"end":{"line":15,"column":31}},"locations":[{"start":{"line":15,"column":20},"end":{"line":15,"column":31}}]},"6":{"type":"branch","line":15,"loc":{"start":{"line":15,"column":25},"end":{"line":15,"column":38}},"locations":[{"start":{"line":15,"column":25},"end":{"line":15,"column":38}}]},"7":{"type":"branch","line":12,"loc":{"start":{"line":12,"column":51},"end":{"line":14,"column":3}},"locations":[{"start":{"line":12,"column":51},"end":{"line":14,"column":3}}]},"8":{"type":"branch","line":13,"loc":{"start":{"line":13,"column":25},"end":{"line":13,"column":41}},"locations":[{"start":{"line":13,"column":25},"end":{"line":13,"column":41}}]},"9":{"type":"branch","line":16,"loc":{"start":{"line":16,"column":0},"end":{"line":16,"column":2}},"locations":[{"start":{"line":16,"column":0},"end":{"line":16,"column":2}}]}},"b":{"0":[19],"1":[2],"2":[17],"3":[1],"4":[16],"5":[4],"6":[12],"7":[32],"8":[16],"9":[19]},"fnMap":{"0":{"name":"fizzBuzz","decl":{"start":{"line":8,"column":41},"end":{"line":16,"column":2}},"loc":{"start":{"line":8,"column":41},"end":{"line":16,"column":2}},"line":8},"1":{"name":"get","decl":{"start":{"line":16,"column":0},"end":{"line":16,"column":2}},"loc":{"start":{"line":16,"column":0},"end":{"line":16,"column":2}},"line":16}},"f":{"0":19,"1":19}}
,"C:\\Users\\SEBASTIAN GONZALEZ\\Desktop\\projects\\react-vitest\\src\\utilities\\index.ts": {"path":"C:\\Users\\SEBASTIAN GONZALEZ\\Desktop\\projects\\react-vitest\\src\\utilities\\index.ts","all":false,"statementMap":{"0":{"start":{"line":1,"column":0},"end":{"line":1,"column":29}},"1":{"start":{"line":2,"column":0},"end":{"line":2,"column":33}},"2":{"start":{"line":3,"column":0},"end":{"line":3,"column":27}},"3":{"start":{"line":4,"column":0},"end":{"line":4,"column":26}},"4":{"start":{"line":5,"column":0},"end":{"line":5,"column":28}},"5":{"start":{"line":6,"column":0},"end":{"line":6,"column":27}}},"s":{"0":1,"1":1,"2":1,"3":1,"4":1,"5":1},"branchMap":{},"b":{},"fnMap":{},"f":{}}
,"C:\\Users\\SEBASTIAN GONZALEZ\\Desktop\\projects\\react-vitest\\src\\utilities\\isValid.ts": {"path":"C:\\Users\\SEBASTIAN GONZALEZ\\Desktop\\projects\\react-vitest\\src\\utilities\\isValid.ts","all":false,"statementMap":{"0":{"start":{"line":1,"column":0},"end":{"line":1,"column":44}},"1":{"start":{"line":2,"column":0},"end":{"line":2,"column":80}},"2":{"start":{"line":3,"column":0},"end":{"line":3,"column":40}},"3":{"start":{"line":4,"column":0},"end":{"line":4,"column":39}},"4":{"start":{"line":5,"column":0},"end":{"line":5,"column":0}},"5":{"start":{"line":6,"column":0},"end":{"line":6,"column":48}},"6":{"start":{"line":7,"column":0},"end":{"line":7,"column":66}},"7":{"start":{"line":8,"column":0},"end":{"line":8,"column":66}},"8":{"start":{"line":9,"column":0},"end":{"line":9,"column":40}},"9":{"start":{"line":10,"column":0},"end":{"line":10,"column":63}},"10":{"start":{"line":11,"column":0},"end":{"line":11,"column":3}},"11":{"start":{"line":12,"column":0},"end":{"line":12,"column":14}},"12":{"start":{"line":13,"column":0},"end":{"line":13,"column":2}}},"s":{"0":1,"1":12,"2":12,"3":12,"4":8,"5":12,"6":11,"7":11,"8":5,"9":11,"10":11,"11":1,"12":12},"branchMap":{"0":{"type":"branch","line":1,"loc":{"start":{"line":1,"column":43},"end":{"line":13,"column":2}},"locations":[{"start":{"line":1,"column":43},"end":{"line":13,"column":2}}]},"1":{"type":"branch","line":2,"loc":{"start":{"line":2,"column":34},"end":{"line":2,"column":80}},"locations":[{"start":{"line":2,"column":34},"end":{"line":2,"column":80}}]},"2":{"type":"branch","line":2,"loc":{"start":{"line":2,"column":78},"end":{"line":3,"column":34}},"locations":[{"start":{"line":2,"column":78},"end":{"line":3,"column":34}}]},"3":{"type":"branch","line":3,"loc":{"start":{"line":3,"column":27},"end":{"line":3,"column":40}},"locations":[{"start":{"line":3,"column":27},"end":{"line":3,"column":40}}]},"4":{"type":"branch","line":3,"loc":{"start":{"line":3,"column":34},"end":{"line":4,"column":33}},"locations":[{"start":{"line":3,"column":34},"end":{"line":4,"column":33}}]},"5":{"type":"branch","line":4,"loc":{"start":{"line":4,"column":26},"end":{"line":4,"column":39}},"locations":[{"start":{"line":4,"column":26},"end":{"line":4,"column":39}}]},"6":{"type":"branch","line":4,"loc":{"start":{"line":4,"column":33},"end":{"line":6,"column":47}},"locations":[{"start":{"line":4,"column":33},"end":{"line":6,"column":47}}]},"7":{"type":"branch","line":6,"loc":{"start":{"line":6,"column":47},"end":{"line":11,"column":3}},"locations":[{"start":{"line":6,"column":47},"end":{"line":11,"column":3}}]},"8":{"type":"branch","line":7,"loc":{"start":{"line":7,"column":26},"end":{"line":7,"column":53}},"locations":[{"start":{"line":7,"column":26},"end":{"line":7,"column":53}}]},"9":{"type":"branch","line":7,"loc":{"start":{"line":7,"column":53},"end":{"line":7,"column":66}},"locations":[{"start":{"line":7,"column":53},"end":{"line":7,"column":66}}]},"10":{"type":"branch","line":7,"loc":{"start":{"line":7,"column":60},"end":{"line":8,"column":32}},"locations":[{"start":{"line":7,"column":60},"end":{"line":8,"column":32}}]},"11":{"type":"branch","line":8,"loc":{"start":{"line":8,"column":27},"end":{"line":8,"column":53}},"locations":[{"start":{"line":8,"column":27},"end":{"line":8,"column":53}}]},"12":{"type":"branch","line":8,"loc":{"start":{"line":8,"column":53},"end":{"line":8,"column":66}},"locations":[{"start":{"line":8,"column":53},"end":{"line":8,"column":66}}]},"13":{"type":"branch","line":8,"loc":{"start":{"line":8,"column":60},"end":{"line":9,"column":40}},"locations":[{"start":{"line":8,"column":60},"end":{"line":9,"column":40}}]},"14":{"type":"branch","line":9,"loc":{"start":{"line":9,"column":31},"end":{"line":9,"column":40}},"locations":[{"start":{"line":9,"column":31},"end":{"line":9,"column":40}}]},"15":{"type":"branch","line":9,"loc":{"start":{"line":9,"column":31},"end":{"line":10,"column":50}},"locations":[{"start":{"line":9,"column":31},"end":{"line":10,"column":50}}]},"16":{"type":"branch","line":10,"loc":{"start":{"line":10,"column":50},"end":{"line":10,"column":63}},"locations":[{"start":{"line":10,"column":50},"end":{"line":10,"column":63}}]},"17":{"type":"branch","line":11,"loc":{"start":{"line":11,"column":2},"end":{"line":13,"column":2}},"locations":[{"start":{"line":11,"column":2},"end":{"line":13,"column":2}}]},"18":{"type":"branch","line":13,"loc":{"start":{"line":13,"column":0},"end":{"line":13,"column":2}},"locations":[{"start":{"line":13,"column":0},"end":{"line":13,"column":2}}]}},"b":{"0":[12],"1":[1],"2":[11],"3":[2],"4":[9],"5":[1],"6":[8],"7":[11],"8":[9],"9":[3],"10":[8],"11":[4],"12":[3],"13":[5],"14":[4],"15":[1],"16":[1],"17":[1],"18":[12]},"fnMap":{"0":{"name":"isValid","decl":{"start":{"line":1,"column":43},"end":{"line":13,"column":2}},"loc":{"start":{"line":1,"column":43},"end":{"line":13,"column":2}},"line":1},"1":{"name":"get","decl":{"start":{"line":13,"column":0},"end":{"line":13,"column":2}},"loc":{"start":{"line":13,"column":0},"end":{"line":13,"column":2}},"line":13}},"f":{"0":12,"1":12}}
,"C:\\Users\\SEBASTIAN GONZALEZ\\Desktop\\projects\\react-vitest\\src\\utilities\\listGifts.ts": {"path":"C:\\Users\\SEBASTIAN GONZALEZ\\Desktop\\projects\\react-vitest\\src\\utilities\\listGifts.ts","all":false,"statementMap":{"0":{"start":{"line":1,"column":0},"end":{"line":1,"column":16}},"1":{"start":{"line":2,"column":0},"end":{"line":2,"column":24}},"2":{"start":{"line":3,"column":0},"end":{"line":3,"column":1}},"3":{"start":{"line":4,"column":0},"end":{"line":4,"column":44}},"4":{"start":{"line":5,"column":0},"end":{"line":5,"column":78}},"5":{"start":{"line":6,"column":0},"end":{"line":6,"column":35}},"6":{"start":{"line":7,"column":0},"end":{"line":7,"column":25}},"7":{"start":{"line":8,"column":0},"end":{"line":8,"column":6}},"8":{"start":{"line":9,"column":0},"end":{"line":9,"column":11}},"9":{"start":{"line":10,"column":0},"end":{"line":10,"column":15}},"10":{"start":{"line":11,"column":0},"end":{"line":11,"column":22}},"11":{"start":{"line":12,"column":0},"end":{"line":12,"column":50}},"12":{"start":{"line":13,"column":0},"end":{"line":13,"column":35}},"13":{"start":{"line":14,"column":0},"end":{"line":14,"column":25}},"14":{"start":{"line":15,"column":0},"end":{"line":15,"column":7}},"15":{"start":{"line":16,"column":0},"end":{"line":16,"column":15}},"16":{"start":{"line":17,"column":0},"end":{"line":17,"column":2}}},"s":{"0":1,"1":1,"2":1,"3":1,"4":7,"5":7,"6":5,"7":5,"8":5,"9":5,"10":5,"11":10,"12":10,"13":7,"14":5,"15":5,"16":8},"branchMap":{"0":{"type":"branch","line":4,"loc":{"start":{"line":4,"column":43},"end":{"line":17,"column":2}},"locations":[{"start":{"line":4,"column":43},"end":{"line":17,"column":2}}]},"1":{"type":"branch","line":5,"loc":{"start":{"line":5,"column":32},"end":{"line":5,"column":78}},"locations":[{"start":{"line":5,"column":32},"end":{"line":5,"column":78}}]},"2":{"type":"branch","line":5,"loc":{"start":{"line":5,"column":76},"end":{"line":6,"column":32}},"locations":[{"start":{"line":5,"column":76},"end":{"line":6,"column":32}}]},"3":{"type":"branch","line":6,"loc":{"start":{"line":6,"column":25},"end":{"line":6,"column":35}},"locations":[{"start":{"line":6,"column":25},"end":{"line":6,"column":35}}]},"4":{"type":"branch","line":6,"loc":{"start":{"line":6,"column":33},"end":{"line":17,"column":2}},"locations":[{"start":{"line":6,"column":33},"end":{"line":17,"column":2}}]},"5":{"type":"branch","line":11,"loc":{"start":{"line":11,"column":13},"end":{"line":15,"column":5}},"locations":[{"start":{"line":11,"column":13},"end":{"line":15,"column":5}}]},"6":{"type":"branch","line":12,"loc":{"start":{"line":12,"column":17},"end":{"line":12,"column":43}},"locations":[{"start":{"line":12,"column":17},"end":{"line":12,"column":43}}]},"7":{"type":"branch","line":12,"loc":{"start":{"line":12,"column":43},"end":{"line":12,"column":50}},"locations":[{"start":{"line":12,"column":43},"end":{"line":12,"column":50}}]},"8":{"type":"branch","line":12,"loc":{"start":{"line":12,"column":43},"end":{"line":13,"column":29}},"locations":[{"start":{"line":12,"column":43},"end":{"line":13,"column":29}}]},"9":{"type":"branch","line":13,"loc":{"start":{"line":13,"column":23},"end":{"line":13,"column":35}},"locations":[{"start":{"line":13,"column":23},"end":{"line":13,"column":35}}]},"10":{"type":"branch","line":13,"loc":{"start":{"line":13,"column":31},"end":{"line":14,"column":25}},"locations":[{"start":{"line":13,"column":31},"end":{"line":14,"column":25}}]},"11":{"type":"branch","line":17,"loc":{"start":{"line":17,"column":0},"end":{"line":17,"column":2}},"locations":[{"start":{"line":17,"column":0},"end":{"line":17,"column":2}}]}},"b":{"0":[7],"1":[1],"2":[6],"3":[1],"4":[5],"5":[10],"6":[9],"7":[2],"8":[8],"9":[1],"10":[7],"11":[8]},"fnMap":{"0":{"name":"listGifts","decl":{"start":{"line":4,"column":43},"end":{"line":17,"column":2}},"loc":{"start":{"line":4,"column":43},"end":{"line":17,"column":2}},"line":4},"1":{"name":"get","decl":{"start":{"line":17,"column":0},"end":{"line":17,"column":2}},"loc":{"start":{"line":17,"column":0},"end":{"line":17,"column":2}},"line":17}},"f":{"0":7,"1":8}}
,"C:\\Users\\SEBASTIAN GONZALEZ\\Desktop\\projects\\react-vitest\\src\\utilities\\sumPairs.ts": {"path":"C:\\Users\\SEBASTIAN GONZALEZ\\Desktop\\projects\\react-vitest\\src\\utilities\\sumPairs.ts","all":false,"statementMap":{"0":{"start":{"line":1,"column":0},"end":{"line":1,"column":64}},"1":{"start":{"line":2,"column":0},"end":{"line":2,"column":37}},"2":{"start":{"line":3,"column":0},"end":{"line":3,"column":49}},"3":{"start":{"line":4,"column":0},"end":{"line":4,"column":39}},"4":{"start":{"line":5,"column":0},"end":{"line":5,"column":53}},"5":{"start":{"line":6,"column":0},"end":{"line":6,"column":53}},"6":{"start":{"line":7,"column":0},"end":{"line":7,"column":54}},"7":{"start":{"line":8,"column":0},"end":{"line":8,"column":33}},"8":{"start":{"line":9,"column":0},"end":{"line":9,"column":69}},"9":{"start":{"line":10,"column":0},"end":{"line":10,"column":38}},"10":{"start":{"line":11,"column":0},"end":{"line":11,"column":0}},"11":{"start":{"line":12,"column":0},"end":{"line":12,"column":44}},"12":{"start":{"line":13,"column":0},"end":{"line":13,"column":41}},"13":{"start":{"line":14,"column":0},"end":{"line":14,"column":50}},"14":{"start":{"line":15,"column":0},"end":{"line":15,"column":38}},"15":{"start":{"line":16,"column":0},"end":{"line":16,"column":3}},"16":{"start":{"line":17,"column":0},"end":{"line":17,"column":14}},"17":{"start":{"line":18,"column":0},"end":{"line":18,"column":2}}},"s":{"0":1,"1":12,"2":12,"3":10,"4":12,"5":9,"6":12,"7":8,"8":12,"9":12,"10":6,"11":12,"12":20,"13":20,"14":20,"15":20,"16":2,"17":14},"branchMap":{"0":{"type":"branch","line":1,"loc":{"start":{"line":1,"column":63},"end":{"line":18,"column":2}},"locations":[{"start":{"line":1,"column":63},"end":{"line":18,"column":2}}]},"1":{"type":"branch","line":3,"loc":{"start":{"line":3,"column":4},"end":{"line":3,"column":49}},"locations":[{"start":{"line":3,"column":4},"end":{"line":3,"column":49}}]},"2":{"type":"branch","line":3,"loc":{"start":{"line":3,"column":47},"end":{"line":5,"column":10}},"locations":[{"start":{"line":3,"column":47},"end":{"line":5,"column":10}}]},"3":{"type":"branch","line":5,"loc":{"start":{"line":5,"column":4},"end":{"line":5,"column":53}},"locations":[{"start":{"line":5,"column":4},"end":{"line":5,"column":53}}]},"4":{"type":"branch","line":5,"loc":{"start":{"line":5,"column":51},"end":{"line":7,"column":10}},"locations":[{"start":{"line":5,"column":51},"end":{"line":7,"column":10}}]},"5":{"type":"branch","line":7,"loc":{"start":{"line":7,"column":4},"end":{"line":7,"column":54}},"locations":[{"start":{"line":7,"column":4},"end":{"line":7,"column":54}}]},"6":{"type":"branch","line":7,"loc":{"start":{"line":7,"column":52},"end":{"line":9,"column":10}},"locations":[{"start":{"line":7,"column":52},"end":{"line":9,"column":10}}]},"7":{"type":"branch","line":9,"loc":{"start":{"line":9,"column":4},"end":{"line":9,"column":69}},"locations":[{"start":{"line":9,"column":4},"end":{"line":9,"column":69}}]},"8":{"type":"branch","line":9,"loc":{"start":{"line":9,"column":67},"end":{"line":10,"column":33}},"locations":[{"start":{"line":9,"column":67},"end":{"line":10,"column":33}}]},"9":{"type":"branch","line":10,"loc":{"start":{"line":10,"column":26},"end":{"line":10,"column":38}},"locations":[{"start":{"line":10,"column":26},"end":{"line":10,"column":38}}]},"10":{"type":"branch","line":10,"loc":{"start":{"line":10,"column":33},"end":{"line":12,"column":43}},"locations":[{"start":{"line":10,"column":33},"end":{"line":12,"column":43}}]},"11":{"type":"branch","line":12,"loc":{"start":{"line":12,"column":43},"end":{"line":16,"column":3}},"locations":[{"start":{"line":12,"column":43},"end":{"line":16,"column":3}}]},"12":{"type":"branch","line":15,"loc":{"start":{"line":15,"column":6},"end":{"line":15,"column":38}},"locations":[{"start":{"line":15,"column":6},"end":{"line":15,"column":38}}]},"13":{"type":"branch","line":16,"loc":{"start":{"line":16,"column":2},"end":{"line":18,"column":2}},"locations":[{"start":{"line":16,"column":2},"end":{"line":18,"column":2}}]},"14":{"type":"branch","line":6,"loc":{"start":{"line":6,"column":19},"end":{"line":6,"column":51}},"locations":[{"start":{"line":6,"column":19},"end":{"line":6,"column":51}}]},"15":{"type":"branch","line":18,"loc":{"start":{"line":18,"column":0},"end":{"line":18,"column":2}},"locations":[{"start":{"line":18,"column":0},"end":{"line":18,"column":2}}]}},"b":{"0":[12],"1":[2],"2":[10],"3":[1],"4":[9],"5":[1],"6":[8],"7":[1],"8":[7],"9":[1],"10":[6],"11":[20],"12":[4],"13":[2],"14":[32],"15":[14]},"fnMap":{"0":{"name":"sumPairs","decl":{"start":{"line":1,"column":63},"end":{"line":18,"column":2}},"loc":{"start":{"line":1,"column":63},"end":{"line":18,"column":2}},"line":1},"1":{"name":"get","decl":{"start":{"line":18,"column":0},"end":{"line":18,"column":2}},"loc":{"start":{"line":18,"column":0},"end":{"line":18,"column":2}},"line":18}},"f":{"0":12,"1":14}}
}
